<?xml version="1.0" encoding="UTF-8"?>
<!-- Generated by org.testng.reporters.JUnitXMLReporter -->
<testsuite ignored="0" hostname="AgnusJithin" failures="0" tests="4" name="Completeworkflow in cart" time="19.57" errors="0" timestamp="2025-01-25T15:12:36 IST">
  <testcase classname="companyname.Framework.LandingpageTest" name="submitOrder" time="3.546"/>
  <testcase classname="companyname.Framework.LandingpageTest" name="submitOrder" time="3.514"/>
  <testcase classname="companyname.Framework.LandingpageTest" name="verifyOrderHistory" time="0.529"/>
  <testcase classname="companyname.Framework.LandingpageTest" name="verifyOrderHistory" time="0.566"/>
</testsuite> <!-- Completeworkflow in cart -->
