<?xml version="1.0" encoding="UTF-8"?>
<!-- Generated by org.testng.reporters.JUnitXMLReporter -->
<testsuite ignored="0" hostname="AgnusJithin" failures="0" tests="2" name="ErrorValidation in Login" time="7.049" errors="0" timestamp="2025-01-25T15:12:16 IST">
  <testcase classname="companyname.Framework.ErrorValidationTest" name="passwordValidation" time="0.39"/>
  <testcase classname="companyname.Framework.ErrorValidationTest" name="passwordValidation" time="0.34"/>
</testsuite> <!-- ErrorValidation in Login -->
