<?xml version="1.0" encoding="UTF-8"?>
<!-- Generated by org.testng.reporters.JUnitXMLReporter -->
<testsuite ignored="0" hostname="AgnusJithin" failures="0" tests="3" name="Completeworkflow in cart" time="3.141" errors="0" timestamp="2025-01-06T13:48:24 IST">
  <testcase classname="companyname.Framework.LandingpageTest" name="submitOrder" time="0.0">
    <skipped/>
  </testcase> <!-- submitOrder -->
  <testcase classname="companyname.Framework.LandingpageTest" name="submitOrder" time="0.0">
    <skipped/>
  </testcase> <!-- submitOrder -->
  <testcase classname="companyname.Framework.LandingpageTest" name="verifyOrderHistory" time="0.0">
    <skipped/>
  </testcase> <!-- verifyOrderHistory -->
</testsuite> <!-- Completeworkflow in cart -->
