<?xml version="1.0" encoding="UTF-8"?>
<testng-results ignored="0" total="2" passed="2" failed="0" skipped="0">
  <reporter-output>
  </reporter-output>
  <suite started-at="2025-01-25T15:50:05 IST" name="Default suite" finished-at="2025-01-25T15:50:16 IST" duration-ms="10957">
    <groups>
      <group name="Sanity">
        <method signature="logoutTest.logoutTest(java.util.HashMap)[pri:0, instance:companyname.Framework.logoutTest@33bc72d1]" name="logoutTest" class="companyname.Framework.logoutTest"/>
      </group> <!-- Sanity -->
    </groups>
    <test started-at="2025-01-25T15:50:05 IST" name="Default test" finished-at="2025-01-25T15:50:16 IST" duration-ms="10957">
      <class name="companyname.Framework.logoutTest">
        <test-method is-config="true" signature="launchApplication()[pri:0, instance:companyname.Framework.logoutTest@33bc72d1]" started-at="2025-01-25T15:50:05 IST" name="launchApplication" finished-at="2025-01-25T15:50:07 IST" duration-ms="2035" status="PASS">
          <reporter-output>
          </reporter-output>
        </test-method> <!-- launchApplication -->
        <test-method signature="logoutTest(java.util.HashMap)[pri:0, instance:companyname.Framework.logoutTest@33bc72d1]" started-at="2025-01-25T15:50:07 IST" name="logoutTest" data-provider="getData" finished-at="2025-01-25T15:50:10 IST" duration-ms="2344" status="PASS">
          <params>
            <param index="0">
              <value>
                <![CDATA[{password=Rahulshettyacademy@123, email=agnusjosephh@gmail.com}]]>
              </value>
            </param>
          </params>
          <reporter-output>
          </reporter-output>
        </test-method> <!-- logoutTest -->
        <test-method is-config="true" signature="tearDown()[pri:0, instance:companyname.Framework.logoutTest@33bc72d1]" started-at="2025-01-25T15:50:10 IST" name="tearDown" finished-at="2025-01-25T15:50:11 IST" duration-ms="1199" status="PASS">
          <reporter-output>
          </reporter-output>
        </test-method> <!-- tearDown -->
        <test-method is-config="true" signature="launchApplication()[pri:0, instance:companyname.Framework.logoutTest@33bc72d1]" started-at="2025-01-25T15:50:11 IST" name="launchApplication" finished-at="2025-01-25T15:50:13 IST" duration-ms="1622" status="PASS">
          <reporter-output>
          </reporter-output>
        </test-method> <!-- launchApplication -->
        <test-method signature="logoutTest(java.util.HashMap)[pri:0, instance:companyname.Framework.logoutTest@33bc72d1]" started-at="2025-01-25T15:50:13 IST" name="logoutTest" data-provider="getData" finished-at="2025-01-25T15:50:15 IST" duration-ms="2323" status="PASS">
          <params>
            <param index="0">
              <value>
                <![CDATA[{password=Rahulshettyacademy@123, email=agnusjosephh@gmail.com}]]>
              </value>
            </param>
          </params>
          <reporter-output>
          </reporter-output>
        </test-method> <!-- logoutTest -->
        <test-method is-config="true" signature="tearDown()[pri:0, instance:companyname.Framework.logoutTest@33bc72d1]" started-at="2025-01-25T15:50:15 IST" name="tearDown" finished-at="2025-01-25T15:50:16 IST" duration-ms="1209" status="PASS">
          <reporter-output>
          </reporter-output>
        </test-method> <!-- tearDown -->
      </class> <!-- companyname.Framework.logoutTest -->
    </test> <!-- Default test -->
  </suite> <!-- Default suite -->
</testng-results>
