<?xml version="1.0" encoding="UTF-8"?>
<testng-results ignored="0" total="2" passed="2" failed="0" skipped="0">
  <reporter-output>
  </reporter-output>
  <suite started-at="2025-01-25T21:55:54 IST" name="Default suite" finished-at="2025-01-25T21:56:12 IST" duration-ms="17308">
    <groups>
      <group name="Sanity">
        <method signature="viewAnItemTest.logoutTest(java.util.HashMap)[pri:0, instance:companyname.Framework.viewAnItemTest@33bc72d1]" name="logoutTest" class="companyname.Framework.viewAnItemTest"/>
      </group> <!-- Sanity -->
    </groups>
    <test started-at="2025-01-25T21:55:54 IST" name="Default test" finished-at="2025-01-25T21:56:12 IST" duration-ms="17308">
      <class name="companyname.Framework.viewAnItemTest">
        <test-method is-config="true" signature="launchApplication()[pri:0, instance:companyname.Framework.viewAnItemTest@33bc72d1]" started-at="2025-01-25T21:55:55 IST" name="launchApplication" finished-at="2025-01-25T21:55:59 IST" duration-ms="4232" status="PASS">
          <reporter-output>
          </reporter-output>
        </test-method> <!-- launchApplication -->
        <test-method signature="logoutTest(java.util.HashMap)[pri:0, instance:companyname.Framework.viewAnItemTest@33bc72d1]" started-at="2025-01-25T21:55:59 IST" name="logoutTest" data-provider="getData" finished-at="2025-01-25T21:56:03 IST" duration-ms="3780" status="PASS">
          <params>
            <param index="0">
              <value>
                <![CDATA[{password=Rahulshettyacademy@123, cvv=771, Country=Angola, coun=An, email=agnusjosephh@gmail.com, productName=IPHONE 13 PRO, Name=Test Dataa}]]>
              </value>
            </param>
          </params>
          <reporter-output>
          </reporter-output>
        </test-method> <!-- logoutTest -->
        <test-method is-config="true" signature="tearDown()[pri:0, instance:companyname.Framework.viewAnItemTest@33bc72d1]" started-at="2025-01-25T21:56:03 IST" name="tearDown" finished-at="2025-01-25T21:56:04 IST" duration-ms="1369" status="PASS">
          <reporter-output>
          </reporter-output>
        </test-method> <!-- tearDown -->
        <test-method is-config="true" signature="launchApplication()[pri:0, instance:companyname.Framework.viewAnItemTest@33bc72d1]" started-at="2025-01-25T21:56:04 IST" name="launchApplication" finished-at="2025-01-25T21:56:06 IST" duration-ms="2358" status="PASS">
          <reporter-output>
          </reporter-output>
        </test-method> <!-- launchApplication -->
        <test-method signature="logoutTest(java.util.HashMap)[pri:0, instance:companyname.Framework.viewAnItemTest@33bc72d1]" started-at="2025-01-25T21:56:06 IST" name="logoutTest" data-provider="getData" finished-at="2025-01-25T21:56:10 IST" duration-ms="3929" status="PASS">
          <params>
            <param index="0">
              <value>
                <![CDATA[{password=Rahulshettyacademy@123, cvv=101, Country=India, coun=Ind, email=agnusjosephh@gmail.com, productName=BANARSI SAREE, Name=Test Datab}]]>
              </value>
            </param>
          </params>
          <reporter-output>
          </reporter-output>
        </test-method> <!-- logoutTest -->
        <test-method is-config="true" signature="tearDown()[pri:0, instance:companyname.Framework.viewAnItemTest@33bc72d1]" started-at="2025-01-25T21:56:10 IST" name="tearDown" finished-at="2025-01-25T21:56:12 IST" duration-ms="1307" status="PASS">
          <reporter-output>
          </reporter-output>
        </test-method> <!-- tearDown -->
      </class> <!-- companyname.Framework.viewAnItemTest -->
    </test> <!-- Default test -->
  </suite> <!-- Default suite -->
</testng-results>
